#
# A fatal error has been detected by the Java Runtime Environment:
#
#  SIGSEGV (0xb) at pc=0x000000010714d06c, pid=6657, tid=4562853888
#
# JRE version: 7.0_04-b21
# Java VM: Java HotSpot(TM) 64-Bit Server VM (23.0-b21 mixed mode bsd-amd64 compressed oops)
# Problematic frame:
# V  [libjvm.dylib+0x2ca06c]
#
# Failed to write core dump. Core dumps have been disabled. To enable core dumping, try "ulimit -c unlimited" before starting Java again
#
# If you would like to submit a bug report, please visit:
#   http://bugreport.sun.com/bugreport/crash.jsp
#

---------------  T H R E A D  ---------------

Current thread (0x00007fa86c00d000):  JavaThread "JDWP Transport Listener: dt_socket" daemon [_thread_in_vm, id=267886592, stack(0x000000010fe7a000,0x000000010ff7a000)]

siginfo:si_signo=SIGSEGV: si_errno=0, si_code=0 (SEGV0), si_addr=0x0000000000000000

Registers:
RAX=0x0000000000000001, RBX=0x000000010ff79aeb, RCX=0x00000000000393b0, RDX=0x000000010ff79aeb
RSP=0x000000010ff79a50, RBP=0x000000010ff79aa0, RSI=0x00007fa86c00d000, RDI=0x00007fa86ae020c0
R8 =0x0000000000000001, R9 =0x0000000000000000, R10=0x00000000e83a3259, R11=0x00000000fffffff7
R12=0x00007fa86c00d000, R13=0xe000000000000000, R14=0xe000000000000000, R15=0x00007fa86ae020c0
RIP=0x000000010714d06c, EFLAGS=0x0000000000010286, ERR=0x0000000000000000
  TRAPNO=0x000000000000000d

Top of Stack: (sp=0x000000010ff79a50)
0x000000010ff79a50:   00007fa86c00d000 0000000000000000
0x000000010ff79a60:   0000000000000000 0000000000000000
0x000000010ff79a70:   00007fa86c00d000 00007fa86c00d000
0x000000010ff79a80:   000000010ff79aeb 000000010ff79af0
0x000000010ff79a90:   e000000000000000 0000000000000010
0x000000010ff79aa0:   000000010ff79ac0 0000000107a76280
0x000000010ff79ab0:   0000000000000001 000000010ff79b68
0x000000010ff79ac0:   000000010ff79b30 0000000107a5b15b
0x000000010ff79ad0:   000000010ff79b00 00007fa86ad38cd0
0x000000010ff79ae0:   0000001100000032 0000000a00f79b68
0x000000010ff79af0:   0000000000000000 0000000000000000
0x000000010ff79b00:   0000000000000000 000000010ff79cf0
0x000000010ff79b10:   0000000107a7dda6 00007fa86aeb9f00
0x000000010ff79b20:   000000010ff79b68 0000000107a89568
0x000000010ff79b30:   000000010ff79b40 0000000107a5b254
0x000000010ff79b40:   000000010ff79d60 0000000107a6475e
0x000000010ff79b50:   00000f4f00000013 00000001060f0200
0x000000010ff79b60:   00007fa86aeba100 00007fa86c00e268
0x000000010ff79b70:   00000001000002f8 00007fa86ad38980
0x000000010ff79b80:   00007fa80000012c 000000010ff79bb8
0x000000010ff79b90:   00007fa86ad38340 00007f0000000000
0x000000010ff79ba0:   00000f4f0000001c 000000010000d980
0x000000010ff79bb0:   000000010ff79bb8 a87f000011000000
0x000000010ff79bc0:   080000003832d26a 3e74696e696c633c
0x000000010ff79bd0:   0056292803000000 0008000000000000
0x000000010ff79be0:   00b088d36aa87f00 6d616e7964120000
0x000000010ff79bf0:   6f72506572506369 0000003073736563
0x000000010ff79c00:   2f6176616a4c286f 7274532f676e616c
0x000000010ff79c10:   7075734c3b676e69 6f632f6c71737265
0x000000010ff79c20:   6172656e65676564 6f6365442f726f74
0x000000010ff79c30:   7473694c65746172 7372657075734c3b
0x000000010ff79c40:   6765646f632f6c71 726f746172656e65 

Instructions: (pc=0x000000010714d06c)
0x000000010714d04c:   00 00 00 41 f6 87 68 01 00 00 10 75 07 b8 63 00
0x000000010714d05c:   00 00 eb 7a 4d 85 f6 75 07 b8 17 00 00 00 eb 6e
0x000000010714d06c:   4d 8b 36 48 b8 fe fe fe fe fe fe fe fe 49 39 c6
0x000000010714d07c:   74 e7 4d 85 f6 74 e2 48 8d 05 06 04 46 00 80 38 

Register to memory mapping:

RAX=0x0000000000000001 is an unknown value
RBX=0x000000010ff79aeb is pointing into the stack for thread: 0x00007fa86c00d000
RCX=0x00000000000393b0 is an unknown value
RDX=0x000000010ff79aeb is pointing into the stack for thread: 0x00007fa86c00d000
RSP=0x000000010ff79a50 is pointing into the stack for thread: 0x00007fa86c00d000
RBP=0x000000010ff79aa0 is pointing into the stack for thread: 0x00007fa86c00d000
RSI=0x00007fa86c00d000 is a thread
RDI=0x00007fa86ae020c0 is an unknown value
R8 =0x0000000000000001 is an unknown value
R9 =0x0000000000000000 is an unknown value
R10=0x00000000e83a3259 is an unknown value
R11=0x00000000fffffff7 is an unknown value
R12=0x00007fa86c00d000 is a thread
R13=0xe000000000000000 is an unknown value
R14=0xe000000000000000 is an unknown value
R15=0x00007fa86ae020c0 is an unknown value


Stack: [0x000000010fe7a000,0x000000010ff7a000],  sp=0x000000010ff79a50,  free space=1022k
Native frames: (J=compiled Java code, j=interpreted, Vv=VM code, C=native code)
V  [libjvm.dylib+0x2ca06c]
C  [libjdwp.dylib+0x20280]  isMethodSynthetic+0x63
C  [libjdwp.dylib+0x515b]  methods1+0x10b
C  [libjdwp.dylib+0x5254]  methodsWithGeneric+0xe
C  [libjdwp.dylib+0xe75e]  debugLoop_run+0x1ce
C  [libjdwp.dylib+0x1f1ba]  attachThread+0x4d
V  [libjvm.dylib+0x309a12]
V  [libjvm.dylib+0x4763cc]
V  [libjvm.dylib+0x4778b2]
V  [libjvm.dylib+0x3b393d]
C  [libsystem_c.dylib+0x4e8bf]  _pthread_start+0x14f
C  [libsystem_c.dylib+0x51b75]  thread_start+0xd


---------------  P R O C E S S  ---------------

Java Threads: ( => current thread )
  0x00007fa86c87e800 JavaThread "Service Thread" daemon [_thread_blocked, id=273190912, stack(0x0000000110389000,0x0000000110489000)]
  0x00007fa86d02e000 JavaThread "C2 CompilerThread1" daemon [_thread_blocked, id=272130048, stack(0x0000000110286000,0x0000000110386000)]
  0x00007fa86d02e800 JavaThread "C2 CompilerThread0" daemon [_thread_blocked, id=271069184, stack(0x0000000110183000,0x0000000110283000)]
  0x00007fa86b036800 JavaThread "JDWP Command Reader" daemon [_thread_in_native, id=270008320, stack(0x0000000110080000,0x0000000110180000)]
  0x00007fa86b036000 JavaThread "JDWP Event Helper Thread" daemon [_thread_blocked, id=268947456, stack(0x000000010ff7d000,0x000000011007d000)]
=>0x00007fa86c00d000 JavaThread "JDWP Transport Listener: dt_socket" daemon [_thread_in_vm, id=267886592, stack(0x000000010fe7a000,0x000000010ff7a000)]
  0x00007fa86c87c800 JavaThread "Signal Dispatcher" daemon [_thread_blocked, id=266801152, stack(0x000000010fd71000,0x000000010fe71000)]
  0x00007fa86c853000 JavaThread "Finalizer" daemon [_thread_blocked, id=263573504, stack(0x000000010fa5d000,0x000000010fb5d000)]
  0x00007fa86c852000 JavaThread "Reference Handler" daemon [_thread_blocked, id=262512640, stack(0x000000010f95a000,0x000000010fa5a000)]
  0x00007fa86c801800 JavaThread "main" [_thread_blocked, id=128073728, stack(0x0000000107924000,0x0000000107a24000)]

Other Threads:
  0x00007fa86c84f800 VMThread [stack: 0x000000010f857000,0x000000010f957000] [id=261451776]
  0x00007fa86c874000 WatcherThread [stack: 0x000000011048c000,0x000000011058c000] [id=274251776]

VM state:not at safepoint (normal execution)

VM Mutex/Monitor currently owned by a thread: None

Heap
 PSYoungGen      total 22656K, used 6994K [0x00000007e6c00000, 0x00000007e8540000, 0x0000000800000000)
  eden space 19456K, 35% used [0x00000007e6c00000,0x00000007e72d49e8,0x00000007e7f00000)
  from space 3200K, 0% used [0x00000007e8220000,0x00000007e8220000,0x00000007e8540000)
  to   space 3200K, 0% used [0x00000007e7f00000,0x00000007e7f00000,0x00000007e8220000)
 ParOldGen       total 51712K, used 0K [0x00000007b4400000, 0x00000007b7680000, 0x00000007e6c00000)
  object space 51712K, 0% used [0x00000007b4400000,0x00000007b4400000,0x00000007b7680000)
 PSPermGen       total 21248K, used 7335K [0x00000007af200000, 0x00000007b06c0000, 0x00000007b4400000)
  object space 21248K, 34% used [0x00000007af200000,0x00000007af929e18,0x00000007b06c0000)

Code Cache  [0x0000000107a93000, 0x0000000107d03000, 0x000000010aa93000)
 total_blobs=261 nmethods=28 adapters=194 free_code_cache=48677Kb largest_free_block=49830272

Compilation events (10 events):
Event: 0.493 Thread 0x00007fa86d02e000 nmethod 23 0x0000000107b03210 code [0x0000000107b03360, 0x0000000107b035a8]
Event: 0.497 Thread 0x00007fa86d02e800 nmethod 24 0x0000000107b036d0 code [0x0000000107b03840, 0x0000000107b03b78]
Event: 0.530 Thread 0x00007fa86d02e000   25             java.lang.String::lastIndexOf (151 bytes)
Event: 0.538 Thread 0x00007fa86d02e000 nmethod 25 0x0000000107b09950 code [0x0000000107b09ac0, 0x0000000107b0a0d8]
Event: 0.560 Thread 0x00007fa86d02e800   26             java.util.Properties$LineReader::readLine (452 bytes)
Event: 0.575 Thread 0x00007fa86d02e800 nmethod 26 0x0000000107b0c4d0 code [0x0000000107b0c680, 0x0000000107b0cfb8]
Event: 0.625 Thread 0x00007fa86d02e000   27             java.lang.String::startsWith (78 bytes)
Event: 0.632 Thread 0x00007fa86d02e000 nmethod 27 0x0000000107b0a450 code [0x0000000107b0a5a0, 0x0000000107b0a958]
Event: 0.640 Thread 0x00007fa86d02e800   28             java.util.Arrays::copyOfRange (63 bytes)
Event: 0.642 Thread 0x00007fa86d02e800 nmethod 28 0x0000000107b06f90 code [0x0000000107b070e0, 0x0000000107b072d8]

GC Heap History (0 events):
No events

Deoptimization events (0 events):
No events

Internal exceptions (10 events):
Event: 0.539 Thread 0x00007fa86c801800 Threw 0x00000007e71afa48 at /HUDSON/workspace/jdk7u4-2-build-macosx-x86_64-product/jdk7u4/hotspot/src/share/vm/prims/jvm.cpp:1166
Event: 0.540 Thread 0x00007fa86c801800 Threw 0x00000007e71b6fb0 at /HUDSON/workspace/jdk7u4-2-build-macosx-x86_64-product/jdk7u4/hotspot/src/share/vm/prims/jvm.cpp:1166
Event: 0.541 Thread 0x00007fa86c801800 Threw 0x00000007e71bd640 at /HUDSON/workspace/jdk7u4-2-build-macosx-x86_64-product/jdk7u4/hotspot/src/share/vm/prims/jvm.cpp:1166
Event: 0.606 Thread 0x00007fa86c801800 Threw 0x00000007e71ed3c8 at /HUDSON/workspace/jdk7u4-2-build-macosx-x86_64-product/jdk7u4/hotspot/src/share/vm/prims/jvm.cpp:1166
Event: 0.607 Thread 0x00007fa86c801800 Threw 0x00000007e71f1870 at /HUDSON/workspace/jdk7u4-2-build-macosx-x86_64-product/jdk7u4/hotspot/src/share/vm/prims/jvm.cpp:1166
Event: 0.608 Thread 0x00007fa86c801800 Threw 0x00000007e71f89a8 at /HUDSON/workspace/jdk7u4-2-build-macosx-x86_64-product/jdk7u4/hotspot/src/share/vm/prims/jvm.cpp:1166
Event: 0.611 Thread 0x00007fa86c801800 Threw 0x00000007e7202dc0 at /HUDSON/workspace/jdk7u4-2-build-macosx-x86_64-product/jdk7u4/hotspot/src/share/vm/prims/jvm.cpp:1166
Event: 0.617 Thread 0x00007fa86c801800 Threw 0x00000007e72163a0 at /HUDSON/workspace/jdk7u4-2-build-macosx-x86_64-product/jdk7u4/hotspot/src/share/vm/prims/jvm.cpp:1166
Event: 0.620 Thread 0x00007fa86c801800 Threw 0x00000007e722da48 at /HUDSON/workspace/jdk7u4-2-build-macosx-x86_64-product/jdk7u4/hotspot/src/share/vm/prims/jvm.cpp:1166
Event: 0.624 Thread 0x00007fa86c801800 Threw 0x00000007e723c908 at /HUDSON/workspace/jdk7u4-2-build-macosx-x86_64-product/jdk7u4/hotspot/src/share/vm/prims/jvm.cpp:1166

Events (10 events):
Event: 5682.394 Executing VM operation: RedefineClasses
Event: 5682.395 Executing VM operation: RedefineClasses done
Event: 5685.202 Executing VM operation: RedefineClasses
Event: 5685.203 Executing VM operation: RedefineClasses done
Event: 5712.028 Executing VM operation: RedefineClasses
Event: 5712.029 Executing VM operation: RedefineClasses done
Event: 5725.328 Executing VM operation: RedefineClasses
Event: 5725.329 Executing VM operation: RedefineClasses done
Event: 5880.031 Executing VM operation: RedefineClasses
Event: 5880.032 Executing VM operation: RedefineClasses done


Dynamic libraries:
0x00000000012be000 	/System/Library/Frameworks/Cocoa.framework/Versions/A/Cocoa
0x00000000012be000 	/System/Library/Frameworks/Security.framework/Versions/A/Security
0x00000000012be000 	/System/Library/Frameworks/ApplicationServices.framework/Versions/A/ApplicationServices
0x00000000012be000 	/usr/lib/libz.1.dylib
0x00000000012be000 	/usr/lib/libSystem.B.dylib
0x00000000012be000 	/usr/lib/libobjc.A.dylib
0x00000000012be000 	/System/Library/Frameworks/CoreFoundation.framework/Versions/A/CoreFoundation
0x00000000012be000 	/System/Library/Frameworks/AppKit.framework/Versions/C/AppKit
0x00000000012be000 	/System/Library/Frameworks/CoreData.framework/Versions/A/CoreData
0x00000000012be000 	/System/Library/Frameworks/Foundation.framework/Versions/C/Foundation
0x00000000012be000 	/System/Library/PrivateFrameworks/RemoteViewServices.framework/Versions/A/RemoteViewServices
0x00000000012be000 	/System/Library/Frameworks/AudioToolbox.framework/Versions/A/AudioToolbox
0x00000000012be000 	/System/Library/Frameworks/AudioUnit.framework/Versions/A/AudioUnit
0x00000000012be000 	/System/Library/PrivateFrameworks/DataDetectorsCore.framework/Versions/A/DataDetectorsCore
0x00000000012be000 	/System/Library/PrivateFrameworks/DesktopServicesPriv.framework/Versions/A/DesktopServicesPriv
0x00000000012be000 	/System/Library/Frameworks/Carbon.framework/Versions/A/Frameworks/HIToolbox.framework/Versions/A/HIToolbox
0x00000000012be000 	/System/Library/Frameworks/QuartzCore.framework/Versions/A/QuartzCore
0x00000000012be000 	/System/Library/Frameworks/Carbon.framework/Versions/A/Frameworks/SpeechRecognition.framework/Versions/A/SpeechRecognition
0x00000000012be000 	/usr/lib/libauto.dylib
0x00000000012be000 	/usr/lib/libicucore.A.dylib
0x00000000012be000 	/usr/lib/libxml2.2.dylib
0x00000000012be000 	/System/Library/PrivateFrameworks/CoreUI.framework/Versions/A/CoreUI
0x00000000012be000 	/System/Library/Frameworks/CoreAudio.framework/Versions/A/CoreAudio
0x00000000012be000 	/System/Library/Frameworks/DiskArbitration.framework/Versions/A/DiskArbitration
0x00000000012be000 	/usr/lib/liblangid.dylib
0x00000000012be000 	/System/Library/PrivateFrameworks/MultitouchSupport.framework/Versions/A/MultitouchSupport
0x00000000012be000 	/System/Library/Frameworks/IOKit.framework/Versions/A/IOKit
0x00000000012be000 	/usr/lib/libDiagnosticMessagesClient.dylib
0x00000000012be000 	/System/Library/Frameworks/CoreServices.framework/Versions/A/CoreServices
0x00000000012be000 	/System/Library/PrivateFrameworks/PerformanceAnalysis.framework/Versions/A/PerformanceAnalysis
0x00000000012be000 	/System/Library/PrivateFrameworks/GenerationalStorage.framework/Versions/A/GenerationalStorage
0x00000000012be000 	/System/Library/Frameworks/OpenGL.framework/Versions/A/OpenGL
0x00000000012be000 	/System/Library/Frameworks/CoreServices.framework/Versions/A/Frameworks/CFNetwork.framework/Versions/A/CFNetwork
0x00000000012be000 	/System/Library/Frameworks/SystemConfiguration.framework/Versions/A/SystemConfiguration
0x00000000012be000 	/usr/lib/libCRFSuite.dylib
0x00000000012be000 	/usr/lib/libc++.1.dylib
0x00000000012be000 	/usr/lib/libstdc++.6.dylib
0x00000000012be000 	/usr/lib/libc++abi.dylib
0x00000000012be000 	/usr/lib/system/libcache.dylib
0x00000000012be000 	/usr/lib/system/libcommonCrypto.dylib
0x00000000012be000 	/usr/lib/system/libcompiler_rt.dylib
0x00000000012be000 	/usr/lib/system/libcopyfile.dylib
0x00000000012be000 	/usr/lib/system/libdispatch.dylib
0x00000000012be000 	/usr/lib/system/libdnsinfo.dylib
0x00000000012be000 	/usr/lib/system/libdyld.dylib
0x00000000012be000 	/usr/lib/system/libkeymgr.dylib
0x00000000012be000 	/usr/lib/system/liblaunch.dylib
0x00000000012be000 	/usr/lib/system/libmacho.dylib
0x00000000012be000 	/usr/lib/system/libmathCommon.A.dylib
0x00000000012be000 	/usr/lib/system/libquarantine.dylib
0x00000000012be000 	/usr/lib/system/libremovefile.dylib
0x00000000012be000 	/usr/lib/system/libsystem_blocks.dylib
0x00000000012be000 	/usr/lib/system/libsystem_c.dylib
0x00000000012be000 	/usr/lib/system/libsystem_dnssd.dylib
0x00000000012be000 	/usr/lib/system/libsystem_info.dylib
0x00000000012be000 	/usr/lib/system/libsystem_kernel.dylib
0x00000000012be000 	/usr/lib/system/libsystem_network.dylib
0x00000000012be000 	/usr/lib/system/libsystem_notify.dylib
0x00000000012be000 	/usr/lib/system/libsystem_sandbox.dylib
0x00000000012be000 	/usr/lib/system/libunc.dylib
0x00000000012be000 	/usr/lib/system/libunwind.dylib
0x00000000012be000 	/usr/lib/system/libxpc.dylib
0x00000000012be000 	/usr/lib/libbsm.0.dylib
0x00000000012be000 	/usr/lib/libsqlite3.dylib
0x00000000012be000 	/usr/lib/libOpenScriptingUtil.dylib
0x00000000012be000 	/usr/lib/libpam.2.dylib
0x00000000012be000 	/usr/lib/libxar-nossl.dylib
0x00000000012be000 	/usr/lib/libbz2.1.0.dylib
0x00000000012be000 	/System/Library/Frameworks/CoreServices.framework/Versions/A/Frameworks/CarbonCore.framework/Versions/A/CarbonCore
0x00000000012be000 	/System/Library/Frameworks/CoreServices.framework/Versions/A/Frameworks/Metadata.framework/Versions/A/Metadata
0x00000000012be000 	/System/Library/Frameworks/CoreServices.framework/Versions/A/Frameworks/OSServices.framework/Versions/A/OSServices
0x00000000012be000 	/System/Library/Frameworks/CoreServices.framework/Versions/A/Frameworks/SearchKit.framework/Versions/A/SearchKit
0x00000000012be000 	/System/Library/Frameworks/CoreServices.framework/Versions/A/Frameworks/AE.framework/Versions/A/AE
0x00000000012be000 	/System/Library/Frameworks/CoreServices.framework/Versions/A/Frameworks/LaunchServices.framework/Versions/A/LaunchServices
0x00000000012be000 	/System/Library/Frameworks/CoreServices.framework/Versions/A/Frameworks/DictionaryServices.framework/Versions/A/DictionaryServices
0x00000000012be000 	/System/Library/Frameworks/NetFS.framework/Versions/A/NetFS
0x00000000012be000 	/usr/lib/system/libkxld.dylib
0x00000000012be000 	/System/Library/PrivateFrameworks/NetAuth.framework/Versions/A/NetAuth
0x00000000012be000 	/usr/lib/libcrypto.0.9.8.dylib
0x00000000012be000 	/System/Library/PrivateFrameworks/TrustEvaluationAgent.framework/Versions/A/TrustEvaluationAgent
0x00000000012be000 	/System/Library/Frameworks/OpenDirectory.framework/Versions/A/Frameworks/CFOpenDirectory.framework/Versions/A/CFOpenDirectory
0x00000000012be000 	/usr/lib/libxslt.1.dylib
0x00000000012be000 	/System/Library/PrivateFrameworks/FamilyControls.framework/Versions/A/FamilyControls
0x00000000012be000 	/System/Library/Frameworks/Carbon.framework/Versions/A/Frameworks/Ink.framework/Versions/A/Ink
0x00000000012be000 	/System/Library/Frameworks/ApplicationServices.framework/Versions/A/Frameworks/CoreGraphics.framework/Versions/A/CoreGraphics
0x00000000012be000 	/System/Library/Frameworks/ApplicationServices.framework/Versions/A/Frameworks/ImageIO.framework/Versions/A/ImageIO
0x00000000012be000 	/System/Library/Frameworks/ApplicationServices.framework/Versions/A/Frameworks/CoreText.framework/Versions/A/CoreText
0x00000000012be000 	/System/Library/Frameworks/ApplicationServices.framework/Versions/A/Frameworks/ATS.framework/Versions/A/ATS
0x00000000012be000 	/System/Library/Frameworks/ApplicationServices.framework/Versions/A/Frameworks/ColorSync.framework/Versions/A/ColorSync
0x00000000012be000 	/System/Library/Frameworks/ApplicationServices.framework/Versions/A/Frameworks/HIServices.framework/Versions/A/HIServices
0x00000000012be000 	/System/Library/Frameworks/ApplicationServices.framework/Versions/A/Frameworks/LangAnalysis.framework/Versions/A/LangAnalysis
0x00000000012be000 	/System/Library/Frameworks/ApplicationServices.framework/Versions/A/Frameworks/PrintCore.framework/Versions/A/PrintCore
0x00000000012be000 	/System/Library/Frameworks/ApplicationServices.framework/Versions/A/Frameworks/QD.framework/Versions/A/QD
0x00000000012be000 	/System/Library/Frameworks/ApplicationServices.framework/Versions/A/Frameworks/SpeechSynthesis.framework/Versions/A/SpeechSynthesis
0x00000000012be000 	/System/Library/Frameworks/IOSurface.framework/Versions/A/IOSurface
0x00000000012be000 	/System/Library/Frameworks/Accelerate.framework/Versions/A/Accelerate
0x00000000012be000 	/System/Library/Frameworks/ApplicationServices.framework/Versions/A/Frameworks/ImageIO.framework/Versions/A/Resources/libJPEG.dylib
0x00000000012be000 	/System/Library/Frameworks/ApplicationServices.framework/Versions/A/Frameworks/ImageIO.framework/Versions/A/Resources/libTIFF.dylib
0x00000000012be000 	/System/Library/Frameworks/ApplicationServices.framework/Versions/A/Frameworks/ImageIO.framework/Versions/A/Resources/libPng.dylib
0x00000000012be000 	/System/Library/Frameworks/ApplicationServices.framework/Versions/A/Frameworks/ImageIO.framework/Versions/A/Resources/libGIF.dylib
0x00000000012be000 	/System/Library/Frameworks/ApplicationServices.framework/Versions/A/Frameworks/ImageIO.framework/Versions/A/Resources/libJP2.dylib
0x00000000012be000 	/System/Library/Frameworks/ApplicationServices.framework/Versions/A/Frameworks/ImageIO.framework/Versions/A/Resources/libRadiance.dylib
0x00000000012be000 	/System/Library/Frameworks/Accelerate.framework/Versions/A/Frameworks/vImage.framework/Versions/A/vImage
0x00000000012be000 	/System/Library/Frameworks/Accelerate.framework/Versions/A/Frameworks/vecLib.framework/Versions/A/vecLib
0x00000000012be000 	/System/Library/Frameworks/Accelerate.framework/Versions/A/Frameworks/vecLib.framework/Versions/A/libvDSP.dylib
0x00000000012be000 	/System/Library/Frameworks/Accelerate.framework/Versions/A/Frameworks/vecLib.framework/Versions/A/libvMisc.dylib
0x00000000012be000 	/System/Library/Frameworks/Accelerate.framework/Versions/A/Frameworks/vecLib.framework/Versions/A/libLAPACK.dylib
0x00000000012be000 	/System/Library/Frameworks/Accelerate.framework/Versions/A/Frameworks/vecLib.framework/Versions/A/libBLAS.dylib
0x00000000012be000 	/System/Library/Frameworks/ApplicationServices.framework/Versions/A/Frameworks/ATS.framework/Versions/A/Resources/libFontParser.dylib
0x00000000012be000 	/System/Library/Frameworks/ApplicationServices.framework/Versions/A/Frameworks/ATS.framework/Versions/A/Resources/libFontRegistry.dylib
0x00000000012be000 	/usr/lib/libcups.2.dylib
0x00000000012be000 	/System/Library/Frameworks/Kerberos.framework/Versions/A/Kerberos
0x00000000012be000 	/System/Library/Frameworks/GSS.framework/Versions/A/GSS
0x00000000012be000 	/usr/lib/libresolv.9.dylib
0x00000000012be000 	/usr/lib/libiconv.2.dylib
0x00000000012be000 	/System/Library/PrivateFrameworks/Heimdal.framework/Versions/A/Heimdal
0x00000000012be000 	/System/Library/Frameworks/OpenDirectory.framework/Versions/A/OpenDirectory
0x00000000012be000 	/System/Library/PrivateFrameworks/CommonAuth.framework/Versions/A/CommonAuth
0x00000000012be000 	/System/Library/Frameworks/CoreVideo.framework/Versions/A/CoreVideo
0x00000000012be000 	/System/Library/Frameworks/QuartzCore.framework/Versions/A/Frameworks/CoreImage.framework/Versions/A/CoreImage
0x00000000012be000 	/System/Library/Frameworks/QuartzCore.framework/Versions/A/Frameworks/ScalableUserInterface.framework/Versions/A/ScalableUserInterface
0x00000000012be000 	/System/Library/Frameworks/OpenGL.framework/Versions/A/Libraries/libGLU.dylib
0x00000000012be000 	/System/Library/Frameworks/OpenGL.framework/Versions/A/Libraries/libGFXShared.dylib
0x00000000012be000 	/System/Library/Frameworks/OpenGL.framework/Versions/A/Libraries/libGL.dylib
0x00000000012be000 	/System/Library/Frameworks/OpenGL.framework/Versions/A/Libraries/libGLImage.dylib
0x00000000012be000 	/System/Library/Frameworks/OpenGL.framework/Versions/A/Libraries/libCVMSPluginSupport.dylib
0x00000000012be000 	/System/Library/Frameworks/OpenGL.framework/Versions/A/Libraries/libCoreVMClient.dylib
0x00000000012be000 	/System/Library/Frameworks/OpenCL.framework/Versions/A/OpenCL
0x00000000012be000 	/System/Library/PrivateFrameworks/FaceCoreLight.framework/Versions/A/FaceCoreLight
0x00000000012be000 	/System/Library/Frameworks/vecLib.framework/Versions/A/vecLib
0x00000000012be000 	/System/Library/Frameworks/SecurityFoundation.framework/Versions/A/SecurityFoundation
0x00000000012be000 	/System/Library/PrivateFrameworks/CommerceKit.framework/Versions/A/Frameworks/CommerceCore.framework/Versions/A/CommerceCore
0x00000000012be000 	/System/Library/PrivateFrameworks/CoreSymbolication.framework/Versions/A/CoreSymbolication
0x00000000012be000 	/System/Library/PrivateFrameworks/Symbolication.framework/Versions/A/Symbolication
0x00000000012be000 	/System/Library/PrivateFrameworks/DebugSymbols.framework/Versions/A/DebugSymbols
0x000000004c38a000 	/System/Library/CoreServices/Encodings/libJapaneseConverter.dylib
0x0000000106e83000 	/Library/Java/JavaVirtualMachines/1.7.0.jdk/Contents/Home/jre/lib/server/libjvm.dylib
0x0000000106cda000 	/Library/Java/JavaVirtualMachines/1.7.0.jdk/Contents/Home/jre/lib/libverify.dylib
0x0000000107a26000 	/Library/Java/JavaVirtualMachines/1.7.0.jdk/Contents/Home/jre/lib/libjava.dylib
0x0000000107a56000 	/Library/Java/JavaVirtualMachines/1.7.0.jdk/Contents/Home/jre/lib/libjdwp.dylib
0x0000000106ce8000 	/Library/Java/JavaVirtualMachines/1.7.0.jdk/Contents/Home/jre/lib/./libnpt.dylib
0x0000000106cf5000 	/Library/Java/JavaVirtualMachines/1.7.0.jdk/Contents/Home/jre/lib/libzip.dylib
0x000000010fb5f000 	/System/Library/Frameworks/JavaVM.framework/Frameworks/JavaRuntimeSupport.framework/JavaRuntimeSupport
0x000000010fb77000 	/System/Library/Frameworks/JavaVM.framework/Versions/A/Frameworks/JavaNativeFoundation.framework/Versions/A/JavaNativeFoundation
0x000000010fb8c000 	/System/Library/Frameworks/JavaVM.framework/Versions/A/JavaVM
0x00000000012be000 	/System/Library/Frameworks/Carbon.framework/Versions/A/Carbon
0x000000010fb99000 	/System/Library/PrivateFrameworks/JavaLaunching.framework/Versions/A/JavaLaunching
0x00000000012be000 	/System/Library/Frameworks/Carbon.framework/Versions/A/Frameworks/CommonPanels.framework/Versions/A/CommonPanels
0x00000000012be000 	/System/Library/Frameworks/Carbon.framework/Versions/A/Frameworks/Help.framework/Versions/A/Help
0x00000000012be000 	/System/Library/Frameworks/Carbon.framework/Versions/A/Frameworks/ImageCapture.framework/Versions/A/ImageCapture
0x00000000012be000 	/System/Library/Frameworks/Carbon.framework/Versions/A/Frameworks/OpenScripting.framework/Versions/A/OpenScripting
0x00000000012be000 	/System/Library/Frameworks/Carbon.framework/Versions/A/Frameworks/Print.framework/Versions/A/Print
0x00000000012be000 	/System/Library/Frameworks/Carbon.framework/Versions/A/Frameworks/SecurityHI.framework/Versions/A/SecurityHI
0x000000010fe73000 	/Library/Java/JavaVirtualMachines/1.7.0.jdk/Contents/Home/jre/lib/libdt_socket.dylib
0x00000001106f8000 	/Library/Java/JavaVirtualMachines/1.7.0.jdk/Contents/Home/jre/lib/libnio.dylib
0x0000000110707000 	/Library/Java/JavaVirtualMachines/1.7.0.jdk/Contents/Home/jre/lib/./libnet.dylib
0x000000011077a000 	/private/var/folders/9d/8jxp7y5d4zb_nvby_5gg37dr0000gn/T/libsqlitejdbc-8537266133166163874.lib

VM Arguments:
jvm_args: -agentlib:jdwp=transport=dt_socket,suspend=y,address=localhost:50525 -Dfile.encoding=Shift-JIS 
java_command: supersql.FrontEnd -f /Applications/XAMPP/htdocs/ssql/demo_26.ssql
Launcher Type: SUN_STANDARD

Environment Variables:
PATH=/usr/bin:/bin:/usr/sbin:/sbin
SHELL=/bin/bash
DISPLAY=/tmp/launch-uu8QN5/org.x:0

Signal Handlers:
SIGSEGV: [libjvm.dylib+0x4a177d], sa_mask[0]=0xfffefeff, sa_flags=0x00000042
SIGBUS: [libjvm.dylib+0x4a177d], sa_mask[0]=0xfffefeff, sa_flags=0x00000042
SIGFPE: [libjvm.dylib+0x3b1541], sa_mask[0]=0xfffefeff, sa_flags=0x00000042
SIGPIPE: [libjvm.dylib+0x3b1541], sa_mask[0]=0xfffefeff, sa_flags=0x00000042
SIGXFSZ: [libjvm.dylib+0x3b1541], sa_mask[0]=0xfffefeff, sa_flags=0x00000042
SIGILL: [libjvm.dylib+0x3b1541], sa_mask[0]=0xfffefeff, sa_flags=0x00000042
SIGUSR1: SIG_DFL, sa_mask[0]=0x00000000, sa_flags=0x00000002
SIGUSR2: [libjvm.dylib+0x3b10ce], sa_mask[0]=0x00000004, sa_flags=0x00000042
SIGHUP: [libjvm.dylib+0x3af2f3], sa_mask[0]=0xfffefeff, sa_flags=0x00000042
SIGINT: [libjvm.dylib+0x3af2f3], sa_mask[0]=0xfffefeff, sa_flags=0x00000042
SIGTERM: [libjvm.dylib+0x3af2f3], sa_mask[0]=0xfffefeff, sa_flags=0x00000042
SIGQUIT: [libjvm.dylib+0x3af2f3], sa_mask[0]=0xfffefeff, sa_flags=0x00000042


---------------  S Y S T E M  ---------------

OS:Bsd
uname:Darwin 11.4.2 Darwin Kernel Version 11.4.2: Thu Aug 23 16:25:48 PDT 2012; root:xnu-1699.32.7~1/RELEASE_X86_64 x86_64
rlimit: STACK 8192k, CORE 0k, NPROC 709, NOFILE 10240
CPU:total 4 (2 cores per cpu, 2 threads per core) family 6 model 42 stepping 7, cmov, cx8, fxsr, mmx, sse, sse2, sse3, ssse3, sse4.1, sse4.2, popcnt, avx, ht, tsc, tscinvbit

Memory: 4k page, physical 4960408k(1240102k free)

/proc/meminfo:


vm_info: Java HotSpot(TM) 64-Bit Server VM (23.0-b21) for bsd-amd64 JRE (1.7.0_04-b21), built on Apr 19 2012 22:33:17 by "java_re" with gcc 4.2.1 (Based on Apple Inc. build 5658) (LLVM build 2336.1.00)

time: Fri Nov 22 21:10:36 2013
elapsed time: 5880 seconds

